<?xml version="1.0" encoding="UTF-8"?>
<Site BuildName="Win32-ninja"
	BuildStamp="20260503-2233-Experimental"
	Name="Andrew-Laptop"
	Generator="ctest-4.1.0"
	CompilerName="C:/msys64/mingw64/bin/c++.exe"
	CompilerVersion="16.1.0"
	OSName="Windows"
	Hostname="Andrew-Laptop"
	OSRelease=" Personal"
	OSVersion=" (Build 26200)"
	OSPlatform="AMD64"
	Is64Bits="1"
	VendorString=""
	VendorID="Unknown Manufacturer"
	FamilyID="0"
	ModelID="0"
	ModelName=""
	ProcessorCacheSize="0"
	NumberOfLogicalCPU="12"
	NumberOfPhysicalCPU="6"
	TotalVirtualMemory="31080"
	TotalPhysicalMemory="7528"
	LogicalProcessorsPerPhysical="2"
	ProcessorClockFrequency="2301"
	>
	<Testing>
		<StartDateTime>May 03 20:24 Eastern Daylight Time</StartDateTime>
		<StartTestTime>1777854254</StartTestTime>
		<TestList/>
		<EndDateTime>May 03 20:24 Eastern Daylight Time</EndDateTime>
		<EndTestTime>1777854254</EndTestTime>
		<ElapsedMinutes>0</ElapsedMinutes>
	</Testing>
</Site>
